Wed Jun 30 15:59:58 PDT 2021
[H[2JOn branch dev
Your branch is up to date with 'origin/dev'.

Changes not staged for commit:
  (use "git add <file>..." to update what will be committed)
  (use "git restore <file>..." to discard changes in working directory)
	modified:   README.md
	modified:   nkworkflow.csh
	modified:   nkworkflow.out

no changes added to commit (use "git add" and/or "git commit -a")
* dev                 3ed3bc1 timestamp 20210630 15:51
  main                eec81c0 [ahead 7] timestamp 20210629 08:39
  remotes/main/dev    b0317cc testing links in README
  remotes/main/main   86dc2de timestamp 20210626 18:29
  remotes/main/prod   1c933e8 timestamp 20210627 18:05
  remotes/origin/dev  3ed3bc1 timestamp 20210630 15:51
  remotes/origin/main 86dc2de timestamp 20210626 18:29
  remotes/origin/prod 1c933e8 timestamp 20210627 18:05
 
git checkout dev
On branch dev
Your branch is up to date with 'origin/dev'.

Changes not staged for commit:
  (use "git add <file>..." to update what will be committed)
  (use "git restore <file>..." to discard changes in working directory)
	modified:   README.md
	modified:   nkworkflow.csh
	modified:   nkworkflow.out

no changes added to commit (use "git add" and/or "git commit -a")
M	README.md
M	nkworkflow.csh
M	nkworkflow.out
Your branch is up to date with 'origin/dev'.
 
git branch -av
On branch dev
Your branch is up to date with 'origin/dev'.

Changes not staged for commit:
  (use "git add <file>..." to update what will be committed)
  (use "git restore <file>..." to discard changes in working directory)
	modified:   README.md
	modified:   nkworkflow.csh
	modified:   nkworkflow.out

no changes added to commit (use "git add" and/or "git commit -a")
* dev                 3ed3bc1 timestamp 20210630 15:51
  main                eec81c0 [ahead 7] timestamp 20210629 08:39
  remotes/main/dev    b0317cc testing links in README
  remotes/main/main   86dc2de timestamp 20210626 18:29
  remotes/main/prod   1c933e8 timestamp 20210627 18:05
  remotes/origin/dev  3ed3bc1 timestamp 20210630 15:51
  remotes/origin/main 86dc2de timestamp 20210626 18:29
  remotes/origin/prod 1c933e8 timestamp 20210627 18:05
 
git add . 
On branch dev
Your branch is up to date with 'origin/dev'.

Changes not staged for commit:
  (use "git add <file>..." to update what will be committed)
  (use "git restore <file>..." to discard changes in working directory)
	modified:   README.md
	modified:   nkworkflow.csh
	modified:   nkworkflow.out

no changes added to commit (use "git add" and/or "git commit -a")
